Using pre-set license
Built from '2020.3/china_unity/release' branch; Version is '2020.3.8f1c1 (0b92326fa640) revision 758322'; Using compiler version '192528614'; Build Type 'Release'
OS: 'Windows 10 Home China; OS build 19043.1586; Version 2009; 64bit' Language: 'zh' Physical Memory: 16220 MB
BatchMode: 1, IsHumanControllingUs: 0, StartBugReporterOnCrash: 0, Is64bit: 1, IsPro: 0

 COMMAND LINE ARGUMENTS:
D:\Unity\2020.3.8f1c1\Editor\Unity.exe
-adb2
-batchMode
-noUpm
-name
AssetImportWorker0
-projectPath
D:/Unity/projects/2022/ComputeShader
-logFile
Logs/AssetImportWorker0.log
-srvPort
50981
Successfully changed project path to: D:/Unity/projects/2022/ComputeShader
D:/Unity/projects/2022/ComputeShader
Using Asset Import Pipeline V2.
Refreshing native plugins compatible for Editor in 18.86 ms, found 0 plugins.
Preloading 0 native plugins for Editor in 0.00 ms.
Initialize engine version: 2020.3.8f1c1 (0b92326fa640)
[Subsystems] Discovering subsystems at path D:/Unity/2020.3.8f1c1/Editor/Data/Resources/UnitySubsystems
[Subsystems] Discovering subsystems at path D:/Unity/projects/2022/ComputeShader/Assets
GfxDevice: creating device client; threaded=0
Direct3D:
    Version:  Direct3D 11.0 [level 11.1]
    Renderer: NVIDIA GeForce RTX 3060 Laptop GPU (ID=0x2520)
    Vendor:   
    VRAM:     6023 MB
    Driver:   27.21.14.6242
Initialize mono
Mono path[0] = 'D:/Unity/2020.3.8f1c1/Editor/Data/Managed'
Mono path[1] = 'D:/Unity/2020.3.8f1c1/Editor/Data/MonoBleedingEdge/lib/mono/unityjit'
Mono config path = 'D:/Unity/2020.3.8f1c1/Editor/Data/MonoBleedingEdge/etc'
Using monoOptions --debugger-agent=transport=dt_socket,embedding=1,server=y,suspend=n,address=127.0.0.1:56280
Begin MonoManager ReloadAssembly
Registering precompiled unity dll's ...
Register platform support module: D:/Unity/2020.3.8f1c1/Editor/Data/PlaybackEngines/WindowsStandaloneSupport/UnityEditor.WindowsStandalone.Extensions.dll
Registered in 0.001096 seconds.
Native extension for WindowsStandalone target not found
Refreshing native plugins compatible for Editor in 19.37 ms, found 0 plugins.
Preloading 0 native plugins for Editor in 0.00 ms.
Mono: successfully reloaded assembly
- Completed reload, in  1.267 seconds
Platform modules already initialized, skipping
Registering precompiled user dll's ...
Registered in 0.000399 seconds.
Begin MonoManager ReloadAssembly
Native extension for WindowsStandalone target not found
Refreshing native plugins compatible for Editor in 0.18 ms, found 0 plugins.
Preloading 0 native plugins for Editor in 0.00 ms.
Mono: successfully reloaded assembly
- Completed reload, in  0.691 seconds
Platform modules already initialized, skipping
========================================================================
Worker process is ready to serve import requests
Launched and connected shader compiler UnityShaderCompiler.exe after 0.03 seconds
Refreshing native plugins compatible for Editor in 0.17 ms, found 0 plugins.
Preloading 0 native plugins for Editor in 0.00 ms.
Unloading 1115 Unused Serialized files (Serialized files now loaded: 0)
System memory in use before: 59.4 MB.
System memory in use after: 59.5 MB.

Unloading 9 unused Assets to reduce memory usage. Loaded Objects now: 1558.
Total: 1.273500 ms (FindLiveObjects: 0.101500 ms CreateObjectMapping: 0.029100 ms MarkObjects: 1.103900 ms  DeleteObjects: 0.038300 ms)

========================================================================
Received Import Request.
  path: Assets
  artifactKey: Guid(00000000000000001000000000000000) Importer(815301076,1909f56bfc062723c751e8b465ee728b)
Start importing Assets using Guid(00000000000000001000000000000000) Importer(815301076,1909f56bfc062723c751e8b465ee728b)  -> (artifact id: '42d402b061de3733987d63b9cc3b64de') in 0.006971 seconds
  Import took 0.008343 seconds .

========================================================================
Received Import Request.
  Time since last request: 12.078396 seconds.
  path: Assets/ComS.compute
  artifactKey: Guid(136bf3b8455400840a90ee0b0bf9ee2b) Importer(815301076,1909f56bfc062723c751e8b465ee728b)
Start importing Assets/ComS.compute using Guid(136bf3b8455400840a90ee0b0bf9ee2b) Importer(815301076,1909f56bfc062723c751e8b465ee728b)  -> (artifact id: 'f5f1df230cb25424c0e59b0ea1b43d24') in 0.022336 seconds
  Import took 0.024136 seconds .

========================================================================
Received Import Request.
  Time since last request: 0.007710 seconds.
  path: Assets/ComS.compute
  artifactKey: Guid(136bf3b8455400840a90ee0b0bf9ee2b) Importer(815301076,1909f56bfc062723c751e8b465ee728b)
Start importing Assets/ComS.compute using Guid(136bf3b8455400840a90ee0b0bf9ee2b) Importer(815301076,1909f56bfc062723c751e8b465ee728b)  -> (artifact id: 'f5f1df230cb25424c0e59b0ea1b43d24') in 0.002673 seconds
  Import took 0.004538 seconds .

========================================================================
Received Import Request.
  Time since last request: 16.698040 seconds.
  path: Assets/Mat.mat
  artifactKey: Guid(9d7377c973074484cb4eadc553864946) Importer(815301076,1909f56bfc062723c751e8b465ee728b)
Start importing Assets/Mat.mat using Guid(9d7377c973074484cb4eadc553864946) Importer(815301076,1909f56bfc062723c751e8b465ee728b)  -> (artifact id: '2775465dc5cd8b9842114c566d5794e8') in 0.078382 seconds
  Import took 0.080299 seconds .

========================================================================
Received Import Request.
  Time since last request: 14.071665 seconds.
  path: Assets/myfun.cs
  artifactKey: Guid(8f014c478b62d9c4cac88807c7a86628) Importer(815301076,1909f56bfc062723c751e8b465ee728b)
Start importing Assets/myfun.cs using Guid(8f014c478b62d9c4cac88807c7a86628) Importer(815301076,1909f56bfc062723c751e8b465ee728b)  -> (artifact id: '5197f17e14db1e35bd754e387829bb59') in 0.008622 seconds
  Import took 0.010623 seconds .

========================================================================
Received Prepare
Registering precompiled user dll's ...
Registered in 0.000330 seconds.
Begin MonoManager ReloadAssembly
Native extension for WindowsStandalone target not found
Refreshing native plugins compatible for Editor in 0.18 ms, found 0 plugins.
Preloading 0 native plugins for Editor in 0.00 ms.
Mono: successfully reloaded assembly
- Completed reload, in  0.658 seconds
Platform modules already initialized, skipping
Refreshing native plugins compatible for Editor in 0.18 ms, found 0 plugins.
Preloading 0 native plugins for Editor in 0.00 ms.
Unloading 1110 Unused Serialized files (Serialized files now loaded: 0)
System memory in use before: 62.6 MB.
System memory in use after: 62.7 MB.

Unloading 4 unused Assets to reduce memory usage. Loaded Objects now: 1602.
Total: 1.327100 ms (FindLiveObjects: 0.132700 ms CreateObjectMapping: 0.034800 ms MarkObjects: 1.147900 ms  DeleteObjects: 0.010800 ms)

========================================================================
Received Prepare
Registering precompiled user dll's ...
Registered in 0.000432 seconds.
Begin MonoManager ReloadAssembly
Native extension for WindowsStandalone target not found
Refreshing native plugins compatible for Editor in 0.20 ms, found 0 plugins.
Preloading 0 native plugins for Editor in 0.00 ms.
Mono: successfully reloaded assembly
- Completed reload, in  0.708 seconds
Platform modules already initialized, skipping
Refreshing native plugins compatible for Editor in 0.17 ms, found 0 plugins.
Preloading 0 native plugins for Editor in 0.00 ms.
Unloading 1110 Unused Serialized files (Serialized files now loaded: 0)
System memory in use before: 62.7 MB.
System memory in use after: 62.8 MB.

Unloading 4 unused Assets to reduce memory usage. Loaded Objects now: 1605.
Total: 1.398400 ms (FindLiveObjects: 0.105400 ms CreateObjectMapping: 0.028900 ms MarkObjects: 1.251800 ms  DeleteObjects: 0.011100 ms)

========================================================================
Received Prepare
Registering precompiled user dll's ...
Registered in 0.000486 seconds.
Begin MonoManager ReloadAssembly
Native extension for WindowsStandalone target not found
Refreshing native plugins compatible for Editor in 0.20 ms, found 0 plugins.
Preloading 0 native plugins for Editor in 0.00 ms.
Mono: successfully reloaded assembly
- Completed reload, in  0.700 seconds
Platform modules already initialized, skipping
Refreshing native plugins compatible for Editor in 0.17 ms, found 0 plugins.
Preloading 0 native plugins for Editor in 0.00 ms.
Unloading 1110 Unused Serialized files (Serialized files now loaded: 0)
System memory in use before: 62.7 MB.
System memory in use after: 62.8 MB.

Unloading 4 unused Assets to reduce memory usage. Loaded Objects now: 1608.
Total: 1.340000 ms (FindLiveObjects: 0.114800 ms CreateObjectMapping: 0.063100 ms MarkObjects: 1.150500 ms  DeleteObjects: 0.010800 ms)

========================================================================
Received Prepare
Registering precompiled user dll's ...
Registered in 0.001176 seconds.
Begin MonoManager ReloadAssembly
Native extension for WindowsStandalone target not found
Refreshing native plugins compatible for Editor in 0.17 ms, found 0 plugins.
Preloading 0 native plugins for Editor in 0.00 ms.
Mono: successfully reloaded assembly
- Completed reload, in  0.778 seconds
Platform modules already initialized, skipping
Refreshing native plugins compatible for Editor in 0.17 ms, found 0 plugins.
Preloading 0 native plugins for Editor in 0.00 ms.
Unloading 1110 Unused Serialized files (Serialized files now loaded: 0)
System memory in use before: 62.7 MB.
System memory in use after: 62.8 MB.

Unloading 4 unused Assets to reduce memory usage. Loaded Objects now: 1611.
Total: 1.242800 ms (FindLiveObjects: 0.105800 ms CreateObjectMapping: 0.030200 ms MarkObjects: 1.095000 ms  DeleteObjects: 0.010800 ms)

AssetImportWorkerClient::OnTransportError - code=2 error=End of file
